-------------------------------------------------------------------------------
Test set: com.google.Part3Test
-------------------------------------------------------------------------------
Tests run: 9, Failures: 0, Errors: 9, Skipped: 0, Time elapsed: 0.055 s <<< FAILURE! - in com.google.Part3Test
com.google.Part3Test.testSearchVideosNoResults  Time elapsed: 0.002 s  <<< ERROR!
java.lang.NullPointerException: Cannot invoke "java.net.URL.getFile()" because the return value of "java.lang.Class.getResource(String)" is null

com.google.Part3Test.testSearchVideosWithNoAnswer  Time elapsed: 0.001 s  <<< ERROR!
java.lang.NullPointerException: Cannot invoke "java.net.URL.getFile()" because the return value of "java.lang.Class.getResource(String)" is null

com.google.Part3Test.testSearchVideosWithTagAnswerOutOfBounds  Time elapsed: 0.001 s  <<< ERROR!
java.lang.NullPointerException: Cannot invoke "java.net.URL.getFile()" because the return value of "java.lang.Class.getResource(String)" is null

com.google.Part3Test.testSearchVideosAndPlayAnswer  Time elapsed: 0.009 s  <<< ERROR!
java.lang.NullPointerException: Cannot invoke "java.net.URL.getFile()" because the return value of "java.lang.Class.getResource(String)" is null

com.google.Part3Test.testSearchVideosWithTagPlayAnswer  Time elapsed: 0.003 s  <<< ERROR!
java.lang.NullPointerException: Cannot invoke "java.net.URL.getFile()" because the return value of "java.lang.Class.getResource(String)" is null

com.google.Part3Test.testSearchVideosInvalidNumber  Time elapsed: 0.002 s  <<< ERROR!
java.lang.NullPointerException: Cannot invoke "java.net.URL.getFile()" because the return value of "java.lang.Class.getResource(String)" is null

com.google.Part3Test.testSearchVideosWithTagNoResults  Time elapsed: 0.001 s  <<< ERROR!
java.lang.NullPointerException: Cannot invoke "java.net.URL.getFile()" because the return value of "java.lang.Class.getResource(String)" is null

com.google.Part3Test.testSearchVideosWithTagNoAnswer  Time elapsed: 0.002 s  <<< ERROR!
java.lang.NullPointerException: Cannot invoke "java.net.URL.getFile()" because the return value of "java.lang.Class.getResource(String)" is null

com.google.Part3Test.testSearchVideosAnswerOutOfBounds  Time elapsed: 0.005 s  <<< ERROR!
java.lang.NullPointerException: Cannot invoke "java.net.URL.getFile()" because the return value of "java.lang.Class.getResource(String)" is null

