<?xml version="1.0" encoding="UTF-8"?>
<testsuite xmlns:xsi="http://www.w3.org/2001/XMLSchema-instance" xsi:noNamespaceSchemaLocation="https://maven.apache.org/surefire/maven-surefire-plugin/xsd/surefire-test-report-3.0.xsd" version="3.0" name="com.google.Part2Test" time="0.067" tests="20" errors="20" skipped="0" failures="0">
  <properties>
[...]
</properties>
  <testcase name="showPlaylistAfterRemoveAVideoFromPlaylistThenReAdd" classname="com.google.Part2Test" time="0.001">
    <error type="java.lang.NullPointerException"><![CDATA[java.lang.NullPointerException: Cannot invoke "java.net.URL.getFile()" because the return value of "java.lang.Class.getResource(String)" is null
]]></error>
  </testcase>
  <testcase name="testDeletePlaylist" classname="com.google.Part2Test" time="0.002">
    <error type="java.lang.NullPointerException"><![CDATA[java.lang.NullPointerException: Cannot invoke "java.net.URL.getFile()" because the return value of "java.lang.Class.getResource(String)" is null
]]></error>
  </testcase>
  <testcase name="testClearPlaylist" classname="com.google.Part2Test" time="0.001">
    <error type="java.lang.NullPointerException"><![CDATA[java.lang.NullPointerException: Cannot invoke "java.net.URL.getFile()" because the return value of "java.lang.Class.getResource(String)" is null
]]></error>
  </testcase>
  <testcase name="testClearPlaylistNonexistent" classname="com.google.Part2Test" time="0.001">
    <error type="java.lang.NullPointerException"><![CDATA[java.lang.NullPointerException: Cannot invoke "java.net.URL.getFile()" because the return value of "java.lang.Class.getResource(String)" is null
]]></error>
  </testcase>
  <testcase name="testShowAllPlaylistsNoPlaylistsExist" classname="com.google.Part2Test" time="0.001">
    <error type="java.lang.NullPointerException"><![CDATA[java.lang.NullPointerException: Cannot invoke "java.net.URL.getFile()" because the return value of "java.lang.Class.getResource(String)" is null
]]></error>
  </testcase>
  <testcase name="testAddVideoToPlaylistNonExistentVideo" classname="com.google.Part2Test" time="0.002">
    <error type="java.lang.NullPointerException"><![CDATA[java.lang.NullPointerException: Cannot invoke "java.net.URL.getFile()" because the return value of "java.lang.Class.getResource(String)" is null
]]></error>
  </testcase>
  <testcase name="testRemoveFromPlaylistNonexistentVideo" classname="com.google.Part2Test" time="0.002">
    <error type="java.lang.NullPointerException"><![CDATA[java.lang.NullPointerException: Cannot invoke "java.net.URL.getFile()" because the return value of "java.lang.Class.getResource(String)" is null
]]></error>
  </testcase>
  <testcase name="testAddToPlaylist" classname="com.google.Part2Test" time="0.002">
    <error type="java.lang.NullPointerException"><![CDATA[java.lang.NullPointerException: Cannot invoke "java.net.URL.getFile()" because the return value of "java.lang.Class.getResource(String)" is null
]]></error>
  </testcase>
  <testcase name="testAddVideoToPlaylistNonExistent" classname="com.google.Part2Test" time="0.002">
    <error type="java.lang.NullPointerException"><![CDATA[java.lang.NullPointerException: Cannot invoke "java.net.URL.getFile()" because the return value of "java.lang.Class.getResource(String)" is null
]]></error>
  </testcase>
  <testcase name="testRemoveFromPlaylist" classname="com.google.Part2Test" time="0.001">
    <error type="java.lang.NullPointerException"><![CDATA[java.lang.NullPointerException: Cannot invoke "java.net.URL.getFile()" because the return value of "java.lang.Class.getResource(String)" is null
]]></error>
  </testcase>
  <testcase name="testAddToPlaylistAlreadyAdded" classname="com.google.Part2Test" time="0.002">
    <error type="java.lang.NullPointerException"><![CDATA[java.lang.NullPointerException: Cannot invoke "java.net.URL.getFile()" because the return value of "java.lang.Class.getResource(String)" is null
]]></error>
  </testcase>
  <testcase name="testCreateExistingPlaylist" classname="com.google.Part2Test" time="0.004">
    <error type="java.lang.NullPointerException"><![CDATA[java.lang.NullPointerException: Cannot invoke "java.net.URL.getFile()" because the return value of "java.lang.Class.getResource(String)" is null
]]></error>
  </testcase>
  <testcase name="testShowPlaylistNonExistent" classname="com.google.Part2Test" time="0.001">
    <error type="java.lang.NullPointerException"><![CDATA[java.lang.NullPointerException: Cannot invoke "java.net.URL.getFile()" because the return value of "java.lang.Class.getResource(String)" is null
]]></error>
  </testcase>
  <testcase name="testRemoveFromPlaylistVideoNotInPlaylist" classname="com.google.Part2Test" time="0.002">
    <error type="java.lang.NullPointerException"><![CDATA[java.lang.NullPointerException: Cannot invoke "java.net.URL.getFile()" because the return value of "java.lang.Class.getResource(String)" is null
]]></error>
  </testcase>
  <testcase name="testShowAllPlaylists" classname="com.google.Part2Test" time="0.001">
    <error type="java.lang.NullPointerException"><![CDATA[java.lang.NullPointerException: Cannot invoke "java.net.URL.getFile()" because the return value of "java.lang.Class.getResource(String)" is null
]]></error>
  </testcase>
  <testcase name="testAddVideoToPlaylistNoVideoNoPlaylist" classname="com.google.Part2Test" time="0.003">
    <error type="java.lang.NullPointerException"><![CDATA[java.lang.NullPointerException: Cannot invoke "java.net.URL.getFile()" because the return value of "java.lang.Class.getResource(String)" is null
]]></error>
  </testcase>
  <testcase name="testCreatePlaylist" classname="com.google.Part2Test" time="0.001">
    <error type="java.lang.NullPointerException"><![CDATA[java.lang.NullPointerException: Cannot invoke "java.net.URL.getFile()" because the return value of "java.lang.Class.getResource(String)" is null
]]></error>
  </testcase>
  <testcase name="testDeletePlaylistNonexistent" classname="com.google.Part2Test" time="0.002">
    <error type="java.lang.NullPointerException"><![CDATA[java.lang.NullPointerException: Cannot invoke "java.net.URL.getFile()" because the return value of "java.lang.Class.getResource(String)" is null
]]></error>
  </testcase>
  <testcase name="testRemoveFromPlaylistNonexistentPlaylist" classname="com.google.Part2Test" time="0.004">
    <error type="java.lang.NullPointerException"><![CDATA[java.lang.NullPointerException: Cannot invoke "java.net.URL.getFile()" because the return value of "java.lang.Class.getResource(String)" is null
]]></error>
  </testcase>
  <testcase name="testShowPlaylist" classname="com.google.Part2Test" time="0.002">
    <error type="java.lang.NullPointerException"><![CDATA[java.lang.NullPointerException: Cannot invoke "java.net.URL.getFile()" because the return value of "java.lang.Class.getResource(String)" is null
]]></error>
  </testcase>
</testsuite>